C:\Users\ayomi\source\repos\HWBTournament\HWDTournament\Frontend\dist\out-tsc\e2e\app.po.js
C:\Users\ayomi\source\repos\HWBTournament\HWDTournament\Frontend\dist\out-tsc\e2e\app.po.js.map
C:\Users\ayomi\source\repos\HWBTournament\HWDTournament\Frontend\dist\out-tsc\e2e\app.e2e-spec.js
C:\Users\ayomi\source\repos\HWBTournament\HWDTournament\Frontend\dist\out-tsc\e2e\app.e2e-spec.js.map
C:\Users\ayomi\source\repos\HWBTournament\HWDTournament\Frontend\dist\out-tsc\src\app\shared\utils\state.service.js
C:\Users\ayomi\source\repos\HWBTournament\HWDTournament\Frontend\dist\out-tsc\src\app\shared\utils\state.service.js.map
C:\Users\ayomi\source\repos\HWBTournament\HWDTournament\Frontend\dist\out-tsc\src\app\shared\interfaces.js
C:\Users\ayomi\source\repos\HWBTournament\HWDTournament\Frontend\dist\out-tsc\src\app\shared\interfaces.js.map
C:\Users\ayomi\source\repos\HWBTournament\HWDTournament\Frontend\dist\out-tsc\src\app\shared\utils\items.service.js
C:\Users\ayomi\source\repos\HWBTournament\HWDTournament\Frontend\dist\out-tsc\src\app\shared\utils\items.service.js.map
C:\Users\ayomi\source\repos\HWBTournament\HWDTournament\Frontend\dist\out-tsc\src\app\shared\utils\config.service.js
C:\Users\ayomi\source\repos\HWBTournament\HWDTournament\Frontend\dist\out-tsc\src\app\shared\utils\config.service.js.map
C:\Users\ayomi\source\repos\HWBTournament\HWDTournament\Frontend\dist\out-tsc\src\app\shared\auth\helpers.js
C:\Users\ayomi\source\repos\HWBTournament\HWDTournament\Frontend\dist\out-tsc\src\app\shared\auth\helpers.js.map
C:\Users\ayomi\source\repos\HWBTournament\HWDTournament\Frontend\dist\out-tsc\src\app\shared\auth\services\token\token.js
C:\Users\ayomi\source\repos\HWBTournament\HWDTournament\Frontend\dist\out-tsc\src\app\shared\auth\services\token\token.js.map
C:\Users\ayomi\source\repos\HWBTournament\HWDTournament\Frontend\dist\out-tsc\src\app\shared\auth\services\auth-result.js
C:\Users\ayomi\source\repos\HWBTournament\HWDTournament\Frontend\dist\out-tsc\src\app\shared\auth\services\auth-result.js.map
C:\Users\ayomi\source\repos\HWBTournament\HWDTournament\Frontend\dist\out-tsc\src\app\shared\auth\services\token\token-parceler.js
C:\Users\ayomi\source\repos\HWBTournament\HWDTournament\Frontend\dist\out-tsc\src\app\shared\auth\services\token\token-parceler.js.map
C:\Users\ayomi\source\repos\HWBTournament\HWDTournament\Frontend\dist\out-tsc\src\app\shared\auth\services\token\token-storage.js
C:\Users\ayomi\source\repos\HWBTournament\HWDTournament\Frontend\dist\out-tsc\src\app\shared\auth\services\token\token-storage.js.map
C:\Users\ayomi\source\repos\HWBTournament\HWDTournament\Frontend\dist\out-tsc\src\app\shared\auth\services\token\token.service.js
C:\Users\ayomi\source\repos\HWBTournament\HWDTournament\Frontend\dist\out-tsc\src\app\shared\auth\services\token\token.service.js.map
C:\Users\ayomi\source\repos\HWBTournament\HWDTournament\Frontend\dist\out-tsc\src\app\shared\auth\services\auth.service.js
C:\Users\ayomi\source\repos\HWBTournament\HWDTournament\Frontend\dist\out-tsc\src\app\shared\auth\services\auth.service.js.map
C:\Users\ayomi\source\repos\HWBTournament\HWDTournament\Frontend\dist\out-tsc\src\app\shared\auth\services\interceptors\jwt-interceptor.js
C:\Users\ayomi\source\repos\HWBTournament\HWDTournament\Frontend\dist\out-tsc\src\app\shared\auth\services\interceptors\jwt-interceptor.js.map
C:\Users\ayomi\source\repos\HWBTournament\HWDTournament\Frontend\dist\out-tsc\src\app\shared\auth\services\interceptors\simple-interceptor.js
C:\Users\ayomi\source\repos\HWBTournament\HWDTournament\Frontend\dist\out-tsc\src\app\shared\auth\services\interceptors\simple-interceptor.js.map
C:\Users\ayomi\source\repos\HWBTournament\HWDTournament\Frontend\dist\out-tsc\src\app\shared\auth\services\index.js
C:\Users\ayomi\source\repos\HWBTournament\HWDTournament\Frontend\dist\out-tsc\src\app\shared\auth\services\index.js.map
C:\Users\ayomi\source\repos\HWBTournament\HWDTournament\Frontend\dist\out-tsc\src\app\shared\auth\strategies\auth-strategy-options.js
C:\Users\ayomi\source\repos\HWBTournament\HWDTournament\Frontend\dist\out-tsc\src\app\shared\auth\strategies\auth-strategy-options.js.map
C:\Users\ayomi\source\repos\HWBTournament\HWDTournament\Frontend\dist\out-tsc\src\app\shared\auth\strategies\auth-strategy.js
C:\Users\ayomi\source\repos\HWBTournament\HWDTournament\Frontend\dist\out-tsc\src\app\shared\auth\strategies\auth-strategy.js.map
C:\Users\ayomi\source\repos\HWBTournament\HWDTournament\Frontend\dist\out-tsc\src\app\shared\auth\strategies\dummy\dummy-strategy-options.js
C:\Users\ayomi\source\repos\HWBTournament\HWDTournament\Frontend\dist\out-tsc\src\app\shared\auth\strategies\dummy\dummy-strategy-options.js.map
C:\Users\ayomi\source\repos\HWBTournament\HWDTournament\Frontend\dist\out-tsc\src\app\shared\auth\strategies\dummy\dummy-strategy.js
C:\Users\ayomi\source\repos\HWBTournament\HWDTournament\Frontend\dist\out-tsc\src\app\shared\auth\strategies\dummy\dummy-strategy.js.map
C:\Users\ayomi\source\repos\HWBTournament\HWDTournament\Frontend\dist\out-tsc\src\app\shared\auth\strategies\password\password-strategy-options.js
C:\Users\ayomi\source\repos\HWBTournament\HWDTournament\Frontend\dist\out-tsc\src\app\shared\auth\strategies\password\password-strategy-options.js.map
C:\Users\ayomi\source\repos\HWBTournament\HWDTournament\Frontend\dist\out-tsc\src\app\shared\auth\strategies\password\password-strategy.js
C:\Users\ayomi\source\repos\HWBTournament\HWDTournament\Frontend\dist\out-tsc\src\app\shared\auth\strategies\password\password-strategy.js.map
C:\Users\ayomi\source\repos\HWBTournament\HWDTournament\Frontend\dist\out-tsc\src\app\shared\auth\theme.options.js
C:\Users\ayomi\source\repos\HWBTournament\HWDTournament\Frontend\dist\out-tsc\src\app\shared\auth\theme.options.js.map
C:\Users\ayomi\source\repos\HWBTournament\HWDTournament\Frontend\dist\out-tsc\src\app\shared\auth\strategies\oauth2\oauth2-strategy.options.js
C:\Users\ayomi\source\repos\HWBTournament\HWDTournament\Frontend\dist\out-tsc\src\app\shared\auth\strategies\oauth2\oauth2-strategy.options.js.map
C:\Users\ayomi\source\repos\HWBTournament\HWDTournament\Frontend\dist\out-tsc\src\app\shared\auth\strategies\oauth2\oauth2-strategy.js
C:\Users\ayomi\source\repos\HWBTournament\HWDTournament\Frontend\dist\out-tsc\src\app\shared\auth\strategies\oauth2\oauth2-strategy.js.map
C:\Users\ayomi\source\repos\HWBTournament\HWDTournament\Frontend\dist\out-tsc\src\app\shared\auth\strategies\index.js
C:\Users\ayomi\source\repos\HWBTournament\HWDTournament\Frontend\dist\out-tsc\src\app\shared\auth\strategies\index.js.map
C:\Users\ayomi\source\repos\HWBTournament\HWDTournament\Frontend\dist\out-tsc\src\app\shared\auth\auth.options.js
C:\Users\ayomi\source\repos\HWBTournament\HWDTournament\Frontend\dist\out-tsc\src\app\shared\auth\auth.options.js.map
C:\Users\ayomi\source\repos\HWBTournament\HWDTournament\Frontend\dist\out-tsc\src\app\shared\auth\auth.module.js
C:\Users\ayomi\source\repos\HWBTournament\HWDTournament\Frontend\dist\out-tsc\src\app\shared\auth\auth.module.js.map
C:\Users\ayomi\source\repos\HWBTournament\HWDTournament\Frontend\dist\out-tsc\src\app\shared\auth\index.js
C:\Users\ayomi\source\repos\HWBTournament\HWDTournament\Frontend\dist\out-tsc\src\app\shared\auth\index.js.map
C:\Users\ayomi\source\repos\HWBTournament\HWDTournament\Frontend\dist\out-tsc\src\environments\environment.js
C:\Users\ayomi\source\repos\HWBTournament\HWDTournament\Frontend\dist\out-tsc\src\environments\environment.js.map
C:\Users\ayomi\source\repos\HWBTournament\HWDTournament\Frontend\dist\out-tsc\src\app\app.component.js
C:\Users\ayomi\source\repos\HWBTournament\HWDTournament\Frontend\dist\out-tsc\src\app\app.component.js.map
C:\Users\ayomi\source\repos\HWBTournament\HWDTournament\Frontend\dist\out-tsc\src\app\@themes\components\auth\auth.component.js
C:\Users\ayomi\source\repos\HWBTournament\HWDTournament\Frontend\dist\out-tsc\src\app\@themes\components\auth\auth.component.js.map
C:\Users\ayomi\source\repos\HWBTournament\HWDTournament\Frontend\dist\out-tsc\src\app\@pages\dashboard-crm\dashboard-crm.component.js
C:\Users\ayomi\source\repos\HWBTournament\HWDTournament\Frontend\dist\out-tsc\src\app\@pages\dashboard-crm\dashboard-crm.component.js.map
C:\Users\ayomi\source\repos\HWBTournament\HWDTournament\Frontend\dist\out-tsc\src\app\@pages\call-recording-search\call-recording-search.component.js
C:\Users\ayomi\source\repos\HWBTournament\HWDTournament\Frontend\dist\out-tsc\src\app\@pages\call-recording-search\call-recording-search.component.js.map
C:\Users\ayomi\source\repos\HWBTournament\HWDTournament\Frontend\dist\out-tsc\src\app\@themes\components\auth\lazyloader.routes.js
C:\Users\ayomi\source\repos\HWBTournament\HWDTournament\Frontend\dist\out-tsc\src\app\@themes\components\auth\lazyloader.routes.js.map
C:\Users\ayomi\source\repos\HWBTournament\HWDTournament\Frontend\dist\out-tsc\src\app\@pages\dashboard-widget\dashcard\dashcard.component.js
C:\Users\ayomi\source\repos\HWBTournament\HWDTournament\Frontend\dist\out-tsc\src\app\@pages\dashboard-widget\dashcard\dashcard.component.js.map
C:\Users\ayomi\source\repos\HWBTournament\HWDTournament\Frontend\dist\out-tsc\src\app\@pages\dashboard-widget\line-graph\line-graph.component.js
C:\Users\ayomi\source\repos\HWBTournament\HWDTournament\Frontend\dist\out-tsc\src\app\@pages\dashboard-widget\line-graph\line-graph.component.js.map
C:\Users\ayomi\source\repos\HWBTournament\HWDTournament\Frontend\dist\out-tsc\src\app\@pages\dashboard-widget\bar-graph\bar-graph.component.js
C:\Users\ayomi\source\repos\HWBTournament\HWDTournament\Frontend\dist\out-tsc\src\app\@pages\dashboard-widget\bar-graph\bar-graph.component.js.map
C:\Users\ayomi\source\repos\HWBTournament\HWDTournament\Frontend\dist\out-tsc\src\app\@pages\dashboard-widget\doughnut-graph\doughnut-graph.component.js
C:\Users\ayomi\source\repos\HWBTournament\HWDTournament\Frontend\dist\out-tsc\src\app\@pages\dashboard-widget\doughnut-graph\doughnut-graph.component.js.map
C:\Users\ayomi\source\repos\HWBTournament\HWDTournament\Frontend\dist\out-tsc\src\app\@pages\dashboard-widget\profile-card\profile-card.component.js
C:\Users\ayomi\source\repos\HWBTournament\HWDTournament\Frontend\dist\out-tsc\src\app\@pages\dashboard-widget\profile-card\profile-card.component.js.map
C:\Users\ayomi\source\repos\HWBTournament\HWDTournament\Frontend\dist\out-tsc\src\app\@pages\dashboard-widget\pricing-plan\pricing-plan.component.js
C:\Users\ayomi\source\repos\HWBTournament\HWDTournament\Frontend\dist\out-tsc\src\app\@pages\dashboard-widget\pricing-plan\pricing-plan.component.js.map
C:\Users\ayomi\source\repos\HWBTournament\HWDTournament\Frontend\dist\out-tsc\src\app\@pages\dashboard-widget\weather\weather.component.js
C:\Users\ayomi\source\repos\HWBTournament\HWDTournament\Frontend\dist\out-tsc\src\app\@pages\dashboard-widget\weather\weather.component.js.map
C:\Users\ayomi\source\repos\HWBTournament\HWDTournament\Frontend\dist\out-tsc\src\app\@pages\dashboard-widget\share-price\share-price.component.js
C:\Users\ayomi\source\repos\HWBTournament\HWDTournament\Frontend\dist\out-tsc\src\app\@pages\dashboard-widget\share-price\share-price.component.js.map
C:\Users\ayomi\source\repos\HWBTournament\HWDTournament\Frontend\dist\out-tsc\src\app\@pages\dashboard-widget\round-progressbar\round-progressbar.component.js
C:\Users\ayomi\source\repos\HWBTournament\HWDTournament\Frontend\dist\out-tsc\src\app\@pages\dashboard-widget\round-progressbar\round-progressbar.component.js.map
C:\Users\ayomi\source\repos\HWBTournament\HWDTournament\Frontend\dist\out-tsc\src\app\@pages\dashboard-widget\sales-list\sales-list.component.js
C:\Users\ayomi\source\repos\HWBTournament\HWDTournament\Frontend\dist\out-tsc\src\app\@pages\dashboard-widget\sales-list\sales-list.component.js.map
C:\Users\ayomi\source\repos\HWBTournament\HWDTournament\Frontend\dist\out-tsc\src\app\@pages\dashboard-widget\d3-usa\d3-usa.component.js
C:\Users\ayomi\source\repos\HWBTournament\HWDTournament\Frontend\dist\out-tsc\src\app\@pages\dashboard-widget\d3-usa\d3-usa.component.js.map
C:\Users\ayomi\source\repos\HWBTournament\HWDTournament\Frontend\dist\out-tsc\src\app\@pages\dashboard-widget\world-map\world-map.component.js
C:\Users\ayomi\source\repos\HWBTournament\HWDTournament\Frontend\dist\out-tsc\src\app\@pages\dashboard-widget\world-map\world-map.component.js.map
C:\Users\ayomi\source\repos\HWBTournament\HWDTournament\Frontend\dist\out-tsc\src\app\@pages\dashboard-widget\dashboard-widget.module.js
C:\Users\ayomi\source\repos\HWBTournament\HWDTournament\Frontend\dist\out-tsc\src\app\@pages\dashboard-widget\dashboard-widget.module.js.map
C:\Users\ayomi\source\repos\HWBTournament\HWDTournament\Frontend\dist\out-tsc\src\app\@pages\dashboard-crm\dashboard-crm.module.js
C:\Users\ayomi\source\repos\HWBTournament\HWDTournament\Frontend\dist\out-tsc\src\app\@pages\dashboard-crm\dashboard-crm.module.js.map
C:\Users\ayomi\source\repos\HWBTournament\HWDTournament\Frontend\dist\out-tsc\src\app\@themes\components\core\sidemenu\menu-element.js
C:\Users\ayomi\source\repos\HWBTournament\HWDTournament\Frontend\dist\out-tsc\src\app\@themes\components\core\sidemenu\menu-element.js.map
C:\Users\ayomi\source\repos\HWBTournament\HWDTournament\Frontend\dist\out-tsc\src\app\@themes\components\core\sidemenu\sidemenu.component.js
C:\Users\ayomi\source\repos\HWBTournament\HWDTournament\Frontend\dist\out-tsc\src\app\@themes\components\core\sidemenu\sidemenu.component.js.map
C:\Users\ayomi\source\repos\HWBTournament\HWDTournament\Frontend\dist\out-tsc\src\app\@themes\components\core\sidemenu-item\sidemenu-item.component.js
C:\Users\ayomi\source\repos\HWBTournament\HWDTournament\Frontend\dist\out-tsc\src\app\@themes\components\core\sidemenu-item\sidemenu-item.component.js.map
C:\Users\ayomi\source\repos\HWBTournament\HWDTournament\Frontend\dist\out-tsc\src\app\@themes\components\core\toolbar-notification\toolbar-notification.component.js
C:\Users\ayomi\source\repos\HWBTournament\HWDTournament\Frontend\dist\out-tsc\src\app\@themes\components\core\toolbar-notification\toolbar-notification.component.js.map
C:\Users\ayomi\source\repos\HWBTournament\HWDTournament\Frontend\dist\out-tsc\src\app\@themes\components\core\toolbar\toolbar.helpers.js
C:\Users\ayomi\source\repos\HWBTournament\HWDTournament\Frontend\dist\out-tsc\src\app\@themes\components\core\toolbar\toolbar.helpers.js.map
C:\Users\ayomi\source\repos\HWBTournament\HWDTournament\Frontend\dist\out-tsc\src\app\@themes\components\core\toolbar\toolbar.component.js
C:\Users\ayomi\source\repos\HWBTournament\HWDTournament\Frontend\dist\out-tsc\src\app\@themes\components\core\toolbar\toolbar.component.js.map
C:\Users\ayomi\source\repos\HWBTournament\HWDTournament\Frontend\dist\out-tsc\src\app\@themes\components\core\search-bar\search-bar.component.js
C:\Users\ayomi\source\repos\HWBTournament\HWDTournament\Frontend\dist\out-tsc\src\app\@themes\components\core\search-bar\search-bar.component.js.map
C:\Users\ayomi\source\repos\HWBTournament\HWDTournament\Frontend\dist\out-tsc\src\app\@themes\components\core\fullscreen\fullscreen.component.js
C:\Users\ayomi\source\repos\HWBTournament\HWDTournament\Frontend\dist\out-tsc\src\app\@themes\components\core\fullscreen\fullscreen.component.js.map
C:\Users\ayomi\source\repos\HWBTournament\HWDTournament\Frontend\dist\out-tsc\src\app\@themes\components\core\sidebar\sidebar.component.js
C:\Users\ayomi\source\repos\HWBTournament\HWDTournament\Frontend\dist\out-tsc\src\app\@themes\components\core\sidebar\sidebar.component.js.map
C:\Users\ayomi\source\repos\HWBTournament\HWDTournament\Frontend\dist\out-tsc\src\app\@themes\components\core\user-menu\user-menu.component.js
C:\Users\ayomi\source\repos\HWBTournament\HWDTournament\Frontend\dist\out-tsc\src\app\@themes\components\core\user-menu\user-menu.component.js.map
C:\Users\ayomi\source\repos\HWBTournament\HWDTournament\Frontend\dist\out-tsc\src\app\@themes\components\core\core.module.js
C:\Users\ayomi\source\repos\HWBTournament\HWDTournament\Frontend\dist\out-tsc\src\app\@themes\components\core\core.module.js.map
C:\Users\ayomi\source\repos\HWBTournament\HWDTournament\Frontend\dist\out-tsc\src\app\@pages\call-recording-search\callrecording.models.js
C:\Users\ayomi\source\repos\HWBTournament\HWDTournament\Frontend\dist\out-tsc\src\app\@pages\call-recording-search\callrecording.models.js.map
C:\Users\ayomi\source\repos\HWBTournament\HWDTournament\Frontend\dist\out-tsc\src\app\@pages\call-recording-search\callrecording.services\recordingsearch.service.js
C:\Users\ayomi\source\repos\HWBTournament\HWDTournament\Frontend\dist\out-tsc\src\app\@pages\call-recording-search\callrecording.services\recordingsearch.service.js.map
C:\Users\ayomi\source\repos\HWBTournament\HWDTournament\Frontend\dist\out-tsc\src\app\@pages\call-recording-search\callrecording.services\calldownload.service.js
C:\Users\ayomi\source\repos\HWBTournament\HWDTournament\Frontend\dist\out-tsc\src\app\@pages\call-recording-search\callrecording.services\calldownload.service.js.map
C:\Users\ayomi\source\repos\HWBTournament\HWDTournament\Frontend\dist\out-tsc\src\app\@pages\call-recording-search\recordingsearch\recording-dialog\recording-dialog.component.js
C:\Users\ayomi\source\repos\HWBTournament\HWDTournament\Frontend\dist\out-tsc\src\app\@pages\call-recording-search\recordingsearch\recording-dialog\recording-dialog.component.js.map
C:\Users\ayomi\source\repos\HWBTournament\HWDTournament\Frontend\dist\out-tsc\src\app\@pages\call-recording-search\callrecording.providers\data.js
C:\Users\ayomi\source\repos\HWBTournament\HWDTournament\Frontend\dist\out-tsc\src\app\@pages\call-recording-search\callrecording.providers\data.js.map
C:\Users\ayomi\source\repos\HWBTournament\HWDTournament\Frontend\dist\out-tsc\src\app\@pages\call-recording-search\alert-dialog\alert-dialog.component.js
C:\Users\ayomi\source\repos\HWBTournament\HWDTournament\Frontend\dist\out-tsc\src\app\@pages\call-recording-search\alert-dialog\alert-dialog.component.js.map
C:\Users\ayomi\source\repos\HWBTournament\HWDTournament\Frontend\dist\out-tsc\src\app\@pages\call-recording-search\recordingsearch\recordings\recordings.component.js
C:\Users\ayomi\source\repos\HWBTournament\HWDTournament\Frontend\dist\out-tsc\src\app\@pages\call-recording-search\recordingsearch\recordings\recordings.component.js.map
C:\Users\ayomi\source\repos\HWBTournament\HWDTournament\Frontend\dist\out-tsc\src\app\@pages\guards\auth.guard.js
C:\Users\ayomi\source\repos\HWBTournament\HWDTournament\Frontend\dist\out-tsc\src\app\@pages\guards\auth.guard.js.map
C:\Users\ayomi\source\repos\HWBTournament\HWDTournament\Frontend\dist\out-tsc\src\app\@pages\call-recording-search\callrecording.services\users.service.js
C:\Users\ayomi\source\repos\HWBTournament\HWDTournament\Frontend\dist\out-tsc\src\app\@pages\call-recording-search\callrecording.services\users.service.js.map
C:\Users\ayomi\source\repos\HWBTournament\HWDTournament\Frontend\dist\out-tsc\src\app\shared\services\account.data.service.js
C:\Users\ayomi\source\repos\HWBTournament\HWDTournament\Frontend\dist\out-tsc\src\app\shared\services\account.data.service.js.map
C:\Users\ayomi\source\repos\HWBTournament\HWDTournament\Frontend\dist\out-tsc\src\app\@pages\pages\users\passwordMatcher.js
C:\Users\ayomi\source\repos\HWBTournament\HWDTournament\Frontend\dist\out-tsc\src\app\@pages\pages\users\passwordMatcher.js.map
C:\Users\ayomi\source\repos\HWBTournament\HWDTournament\Frontend\dist\out-tsc\src\app\@pages\pages\users\app-user\app-user.component.js
C:\Users\ayomi\source\repos\HWBTournament\HWDTournament\Frontend\dist\out-tsc\src\app\@pages\pages\users\app-user\app-user.component.js.map
C:\Users\ayomi\source\repos\HWBTournament\HWDTournament\Frontend\dist\out-tsc\src\app\@pages\pages\users\delete-dialog\delete-dialog.component.js
C:\Users\ayomi\source\repos\HWBTournament\HWDTournament\Frontend\dist\out-tsc\src\app\@pages\pages\users\delete-dialog\delete-dialog.component.js.map
C:\Users\ayomi\source\repos\HWBTournament\HWDTournament\Frontend\dist\out-tsc\src\app\@pages\pages\users\users.component.js
C:\Users\ayomi\source\repos\HWBTournament\HWDTournament\Frontend\dist\out-tsc\src\app\@pages\pages\users\users.component.js.map
C:\Users\ayomi\source\repos\HWBTournament\HWDTournament\Frontend\dist\out-tsc\src\app\@pages\call-recording-search\call-recording-search.router.js
C:\Users\ayomi\source\repos\HWBTournament\HWDTournament\Frontend\dist\out-tsc\src\app\@pages\call-recording-search\call-recording-search.router.js.map
C:\Users\ayomi\source\repos\HWBTournament\HWDTournament\Frontend\dist\out-tsc\src\app\@pages\call-recording-search\callrecording.services\campaignfilter.service.js
C:\Users\ayomi\source\repos\HWBTournament\HWDTournament\Frontend\dist\out-tsc\src\app\@pages\call-recording-search\callrecording.services\campaignfilter.service.js.map
C:\Users\ayomi\source\repos\HWBTournament\HWDTournament\Frontend\dist\out-tsc\src\app\@pages\call-recording-search\callrecording.services\accountstatusfilter.service.js
C:\Users\ayomi\source\repos\HWBTournament\HWDTournament\Frontend\dist\out-tsc\src\app\@pages\call-recording-search\callrecording.services\accountstatusfilter.service.js.map
C:\Users\ayomi\source\repos\HWBTournament\HWDTournament\Frontend\dist\out-tsc\src\app\@pages\call-recording-search\recordingsearch\home\home.component.js
C:\Users\ayomi\source\repos\HWBTournament\HWDTournament\Frontend\dist\out-tsc\src\app\@pages\call-recording-search\recordingsearch\home\home.component.js.map
C:\Users\ayomi\source\repos\HWBTournament\HWDTournament\Frontend\dist\out-tsc\src\app\@pages\helpers\jwt.interceptor.js
C:\Users\ayomi\source\repos\HWBTournament\HWDTournament\Frontend\dist\out-tsc\src\app\@pages\helpers\jwt.interceptor.js.map
C:\Users\ayomi\source\repos\HWBTournament\HWDTournament\Frontend\dist\out-tsc\src\app\@pages\call-recording-search\call-recording-search.module.js
C:\Users\ayomi\source\repos\HWBTournament\HWDTournament\Frontend\dist\out-tsc\src\app\@pages\call-recording-search\call-recording-search.module.js.map
C:\Users\ayomi\source\repos\HWBTournament\HWDTournament\Frontend\dist\out-tsc\src\app\@themes\components\auth\auth.module.js
C:\Users\ayomi\source\repos\HWBTournament\HWDTournament\Frontend\dist\out-tsc\src\app\@themes\components\auth\auth.module.js.map
C:\Users\ayomi\source\repos\HWBTournament\HWDTournament\Frontend\dist\out-tsc\src\app\@themes\components\lazy-load\lazy-load.module.js
C:\Users\ayomi\source\repos\HWBTournament\HWDTournament\Frontend\dist\out-tsc\src\app\@themes\components\lazy-load\lazy-load.module.js.map
C:\Users\ayomi\source\repos\HWBTournament\HWDTournament\Frontend\dist\out-tsc\src\app\shared\pipes\date-format.pipe.js
C:\Users\ayomi\source\repos\HWBTournament\HWDTournament\Frontend\dist\out-tsc\src\app\shared\pipes\date-format.pipe.js.map
C:\Users\ayomi\source\repos\HWBTournament\HWDTournament\Frontend\dist\out-tsc\src\app\@pages\pages\users\toast-service.js
C:\Users\ayomi\source\repos\HWBTournament\HWDTournament\Frontend\dist\out-tsc\src\app\@pages\pages\users\toast-service.js.map
C:\Users\ayomi\source\repos\HWBTournament\HWDTournament\Frontend\dist\out-tsc\src\app\app.module.js
C:\Users\ayomi\source\repos\HWBTournament\HWDTournament\Frontend\dist\out-tsc\src\app\app.module.js.map
C:\Users\ayomi\source\repos\HWBTournament\HWDTournament\Frontend\dist\out-tsc\src\main.js
C:\Users\ayomi\source\repos\HWBTournament\HWDTournament\Frontend\dist\out-tsc\src\main.js.map
C:\Users\ayomi\source\repos\HWBTournament\HWDTournament\Frontend\dist\out-tsc\src\polyfills.js
C:\Users\ayomi\source\repos\HWBTournament\HWDTournament\Frontend\dist\out-tsc\src\polyfills.js.map
C:\Users\ayomi\source\repos\HWBTournament\HWDTournament\Frontend\dist\out-tsc\src\test.js
C:\Users\ayomi\source\repos\HWBTournament\HWDTournament\Frontend\dist\out-tsc\src\test.js.map
C:\Users\ayomi\source\repos\HWBTournament\HWDTournament\Frontend\dist\out-tsc\src\app\app.component.spec.js
C:\Users\ayomi\source\repos\HWBTournament\HWDTournament\Frontend\dist\out-tsc\src\app\app.component.spec.js.map
C:\Users\ayomi\source\repos\HWBTournament\HWDTournament\Frontend\dist\out-tsc\src\environments\environment.prod.js
C:\Users\ayomi\source\repos\HWBTournament\HWDTournament\Frontend\dist\out-tsc\src\environments\environment.prod.js.map
C:\Users\ayomi\source\repos\HWBTournament\HWDTournament\Frontend\dist\out-tsc\src\app\@pages\authstest\components\home\home.component.js
C:\Users\ayomi\source\repos\HWBTournament\HWDTournament\Frontend\dist\out-tsc\src\app\@pages\authstest\components\home\home.component.js.map
C:\Users\ayomi\source\repos\HWBTournament\HWDTournament\Frontend\dist\out-tsc\src\app\@pages\authstest\components\claims\claims.component.js
C:\Users\ayomi\source\repos\HWBTournament\HWDTournament\Frontend\dist\out-tsc\src\app\@pages\authstest\components\claims\claims.component.js.map
C:\Users\ayomi\source\repos\HWBTournament\HWDTournament\Frontend\dist\out-tsc\src\app\@pages\authstest\components\streaming\streaming.component.js
C:\Users\ayomi\source\repos\HWBTournament\HWDTournament\Frontend\dist\out-tsc\src\app\@pages\authstest\components\streaming\streaming.component.js.map
C:\Users\ayomi\source\repos\HWBTournament\HWDTournament\Frontend\dist\out-tsc\src\app\shared\utils\http.interceptor.js
C:\Users\ayomi\source\repos\HWBTournament\HWDTournament\Frontend\dist\out-tsc\src\app\shared\utils\http.interceptor.js.map
C:\Users\ayomi\source\repos\HWBTournament\HWDTournament\Frontend\dist\out-tsc\src\app\@pages\authstest\components\claims\access-forbidden\access-forbidden.component.js
C:\Users\ayomi\source\repos\HWBTournament\HWDTournament\Frontend\dist\out-tsc\src\app\@pages\authstest\components\claims\access-forbidden\access-forbidden.component.js.map
C:\Users\ayomi\source\repos\HWBTournament\HWDTournament\Frontend\dist\out-tsc\src\app\@pages\authstest\components\manage\manage.component.js
C:\Users\ayomi\source\repos\HWBTournament\HWDTournament\Frontend\dist\out-tsc\src\app\@pages\authstest\components\manage\manage.component.js.map
C:\Users\ayomi\source\repos\HWBTournament\HWDTournament\Frontend\dist\out-tsc\src\app\@pages\authstest\components\streaming\register\register.component.js
C:\Users\ayomi\source\repos\HWBTournament\HWDTournament\Frontend\dist\out-tsc\src\app\@pages\authstest\components\streaming\register\register.component.js.map
C:\Users\ayomi\source\repos\HWBTournament\HWDTournament\Frontend\dist\out-tsc\src\app\@pages\authstest\components\streaming\add\add-video.component.js
C:\Users\ayomi\source\repos\HWBTournament\HWDTournament\Frontend\dist\out-tsc\src\app\@pages\authstest\components\streaming\add\add-video.component.js.map
C:\Users\ayomi\source\repos\HWBTournament\HWDTournament\Frontend\dist\out-tsc\src\app\@pages\authstest\authorisation.routes.js
C:\Users\ayomi\source\repos\HWBTournament\HWDTournament\Frontend\dist\out-tsc\src\app\@pages\authstest\authorisation.routes.js.map
C:\Users\ayomi\source\repos\HWBTournament\HWDTournament\Frontend\dist\out-tsc\src\app\@pages\authstest\components\app\app.component.js
C:\Users\ayomi\source\repos\HWBTournament\HWDTournament\Frontend\dist\out-tsc\src\app\@pages\authstest\components\app\app.component.js.map
C:\Users\ayomi\source\repos\HWBTournament\HWDTournament\Frontend\dist\out-tsc\src\app\@pages\authstest\components\navmenu\navmenu.component.js
C:\Users\ayomi\source\repos\HWBTournament\HWDTournament\Frontend\dist\out-tsc\src\app\@pages\authstest\components\navmenu\navmenu.component.js.map
C:\Users\ayomi\source\repos\HWBTournament\HWDTournament\Frontend\dist\out-tsc\src\app\@pages\authstest\authorisation.module.js
C:\Users\ayomi\source\repos\HWBTournament\HWDTournament\Frontend\dist\out-tsc\src\app\@pages\authstest\authorisation.module.js.map
C:\Users\ayomi\source\repos\HWBTournament\HWDTournament\Frontend\dist\out-tsc\src\app\@pages\call-recording-search\call-recording-search.component.spec.js
C:\Users\ayomi\source\repos\HWBTournament\HWDTournament\Frontend\dist\out-tsc\src\app\@pages\call-recording-search\call-recording-search.component.spec.js.map
C:\Users\ayomi\source\repos\HWBTournament\HWDTournament\Frontend\dist\out-tsc\src\app\@pages\call-recording-search\call-recording-search.module.spec.js
C:\Users\ayomi\source\repos\HWBTournament\HWDTournament\Frontend\dist\out-tsc\src\app\@pages\call-recording-search\call-recording-search.module.spec.js.map
C:\Users\ayomi\source\repos\HWBTournament\HWDTournament\Frontend\dist\out-tsc\src\app\@pages\dashboard-accounts\dashboard-accounts.component.js
C:\Users\ayomi\source\repos\HWBTournament\HWDTournament\Frontend\dist\out-tsc\src\app\@pages\dashboard-accounts\dashboard-accounts.component.js.map
C:\Users\ayomi\source\repos\HWBTournament\HWDTournament\Frontend\dist\out-tsc\src\app\@pages\dashboard-accounts\dashboard-accounts.component.spec.js
C:\Users\ayomi\source\repos\HWBTournament\HWDTournament\Frontend\dist\out-tsc\src\app\@pages\dashboard-accounts\dashboard-accounts.component.spec.js.map
C:\Users\ayomi\source\repos\HWBTournament\HWDTournament\Frontend\dist\out-tsc\src\app\@pages\dashboard-accounts\dashboard-accounts.module.js
C:\Users\ayomi\source\repos\HWBTournament\HWDTournament\Frontend\dist\out-tsc\src\app\@pages\dashboard-accounts\dashboard-accounts.module.js.map
C:\Users\ayomi\source\repos\HWBTournament\HWDTournament\Frontend\dist\out-tsc\src\app\@pages\dashboard-crm\dashboard-crm.component.spec.js
C:\Users\ayomi\source\repos\HWBTournament\HWDTournament\Frontend\dist\out-tsc\src\app\@pages\dashboard-crm\dashboard-crm.component.spec.js.map
C:\Users\ayomi\source\repos\HWBTournament\HWDTournament\Frontend\dist\out-tsc\src\app\@pages\pages\pages.routes.js
C:\Users\ayomi\source\repos\HWBTournament\HWDTournament\Frontend\dist\out-tsc\src\app\@pages\pages\pages.routes.js.map
C:\Users\ayomi\source\repos\HWBTournament\HWDTournament\Frontend\dist\out-tsc\src\app\shared\utils\equal-validator.directive.js
C:\Users\ayomi\source\repos\HWBTournament\HWDTournament\Frontend\dist\out-tsc\src\app\shared\utils\equal-validator.directive.js.map
C:\Users\ayomi\source\repos\HWBTournament\HWDTournament\Frontend\dist\out-tsc\src\app\shared\utils\equal-validator.module.js
C:\Users\ayomi\source\repos\HWBTournament\HWDTournament\Frontend\dist\out-tsc\src\app\shared\utils\equal-validator.module.js.map
C:\Users\ayomi\source\repos\HWBTournament\HWDTournament\Frontend\dist\out-tsc\src\app\@pages\pages\pages.module.js
C:\Users\ayomi\source\repos\HWBTournament\HWDTournament\Frontend\dist\out-tsc\src\app\@pages\pages\pages.module.js.map
C:\Users\ayomi\source\repos\HWBTournament\HWDTournament\Frontend\dist\out-tsc\src\app\shared\rxjs\data.js
C:\Users\ayomi\source\repos\HWBTournament\HWDTournament\Frontend\dist\out-tsc\src\app\shared\rxjs\data.js.map
C:\Users\ayomi\source\repos\HWBTournament\HWDTournament\Frontend\dist\out-tsc\src\app\shared\rxjs\data.service.js
C:\Users\ayomi\source\repos\HWBTournament\HWDTournament\Frontend\dist\out-tsc\src\app\shared\rxjs\data.service.js.map
C:\Users\ayomi\source\repos\HWBTournament\HWDTournament\Frontend\dist\out-tsc\src\app\shared\rxjs\rxjs-operators.js
C:\Users\ayomi\source\repos\HWBTournament\HWDTournament\Frontend\dist\out-tsc\src\app\shared\rxjs\rxjs-operators.js.map
C:\Users\ayomi\source\repos\HWBTournament\HWDTournament\Frontend\dist\out-tsc\src\app\shared\rxjs\utils.js
C:\Users\ayomi\source\repos\HWBTournament\HWDTournament\Frontend\dist\out-tsc\src\app\shared\rxjs\utils.js.map
C:\Users\ayomi\source\repos\HWBTournament\HWDTournament\Frontend\dist\out-tsc\src\app\shared\utils\idnumber-validator.directive.js
C:\Users\ayomi\source\repos\HWBTournament\HWDTournament\Frontend\dist\out-tsc\src\app\shared\utils\idnumber-validator.directive.js.map
C:\Users\ayomi\source\repos\HWBTournament\HWDTournament\Frontend\dist\out-tsc\src\app\shared\utils\idnumber-validator.module.js
C:\Users\ayomi\source\repos\HWBTournament\HWDTournament\Frontend\dist\out-tsc\src\app\shared\utils\idnumber-validator.module.js.map
C:\Users\ayomi\source\repos\HWBTournament\HWDTournament\Frontend\dist\out-tsc\src\app\shared\utils\lower-case-url-serializer.js
C:\Users\ayomi\source\repos\HWBTournament\HWDTournament\Frontend\dist\out-tsc\src\app\shared\utils\lower-case-url-serializer.js.map
C:\Users\ayomi\source\repos\HWBTournament\HWDTournament\Frontend\dist\out-tsc\src\app\shared\utils\mapping.service.js
C:\Users\ayomi\source\repos\HWBTournament\HWDTournament\Frontend\dist\out-tsc\src\app\shared\utils\mapping.service.js.map
C:\Users\ayomi\source\repos\HWBTournament\HWDTournament\Frontend\dist\out-tsc\src\app\shared\utils\notification.service.js
C:\Users\ayomi\source\repos\HWBTournament\HWDTournament\Frontend\dist\out-tsc\src\app\shared\utils\notification.service.js.map
C:\Users\ayomi\source\repos\HWBTournament\HWDTournament\Frontend\dist\out-tsc\src\app\shared\utils\operationResult.js
C:\Users\ayomi\source\repos\HWBTournament\HWDTournament\Frontend\dist\out-tsc\src\app\shared\utils\operationResult.js.map
C:\Users\ayomi\source\repos\HWBTournament\HWDTournament\Frontend\dist\out-tsc\src\app\@pages\call-recording-search\alert-dialog\alert-dialog.component.spec.js
C:\Users\ayomi\source\repos\HWBTournament\HWDTournament\Frontend\dist\out-tsc\src\app\@pages\call-recording-search\alert-dialog\alert-dialog.component.spec.js.map
C:\Users\ayomi\source\repos\HWBTournament\HWDTournament\Frontend\dist\out-tsc\src\app\@pages\dashboard-widget\bar-graph\bar-graph.component.spec.js
C:\Users\ayomi\source\repos\HWBTournament\HWDTournament\Frontend\dist\out-tsc\src\app\@pages\dashboard-widget\bar-graph\bar-graph.component.spec.js.map
C:\Users\ayomi\source\repos\HWBTournament\HWDTournament\Frontend\dist\out-tsc\src\app\@pages\dashboard-widget\dashcard\dashcard.component.spec.js
C:\Users\ayomi\source\repos\HWBTournament\HWDTournament\Frontend\dist\out-tsc\src\app\@pages\dashboard-widget\dashcard\dashcard.component.spec.js.map
C:\Users\ayomi\source\repos\HWBTournament\HWDTournament\Frontend\dist\out-tsc\src\app\@pages\dashboard-widget\doughnut-graph\doughnut-graph.component.spec.js
C:\Users\ayomi\source\repos\HWBTournament\HWDTournament\Frontend\dist\out-tsc\src\app\@pages\dashboard-widget\doughnut-graph\doughnut-graph.component.spec.js.map
C:\Users\ayomi\source\repos\HWBTournament\HWDTournament\Frontend\dist\out-tsc\src\app\@pages\dashboard-widget\line-graph\line-graph.component.spec.js
C:\Users\ayomi\source\repos\HWBTournament\HWDTournament\Frontend\dist\out-tsc\src\app\@pages\dashboard-widget\line-graph\line-graph.component.spec.js.map
C:\Users\ayomi\source\repos\HWBTournament\HWDTournament\Frontend\dist\out-tsc\src\app\@pages\dashboard-widget\pricing-plan\pricing-plan.component.spec.js
C:\Users\ayomi\source\repos\HWBTournament\HWDTournament\Frontend\dist\out-tsc\src\app\@pages\dashboard-widget\pricing-plan\pricing-plan.component.spec.js.map
C:\Users\ayomi\source\repos\HWBTournament\HWDTournament\Frontend\dist\out-tsc\src\app\@pages\dashboard-widget\profile-card\profile-card.component.spec.js
C:\Users\ayomi\source\repos\HWBTournament\HWDTournament\Frontend\dist\out-tsc\src\app\@pages\dashboard-widget\profile-card\profile-card.component.spec.js.map
C:\Users\ayomi\source\repos\HWBTournament\HWDTournament\Frontend\dist\out-tsc\src\app\@pages\dashboard-widget\round-progressbar\round-progressbar.component.spec.js
C:\Users\ayomi\source\repos\HWBTournament\HWDTournament\Frontend\dist\out-tsc\src\app\@pages\dashboard-widget\round-progressbar\round-progressbar.component.spec.js.map
C:\Users\ayomi\source\repos\HWBTournament\HWDTournament\Frontend\dist\out-tsc\src\app\@pages\dashboard-widget\sales-list\sales-list.component.spec.js
C:\Users\ayomi\source\repos\HWBTournament\HWDTournament\Frontend\dist\out-tsc\src\app\@pages\dashboard-widget\sales-list\sales-list.component.spec.js.map
C:\Users\ayomi\source\repos\HWBTournament\HWDTournament\Frontend\dist\out-tsc\src\app\@pages\dashboard-widget\share-price\share-price.component.spec.js
C:\Users\ayomi\source\repos\HWBTournament\HWDTournament\Frontend\dist\out-tsc\src\app\@pages\dashboard-widget\share-price\share-price.component.spec.js.map
C:\Users\ayomi\source\repos\HWBTournament\HWDTournament\Frontend\dist\out-tsc\src\app\@pages\dashboard-widget\weather\weather.component.spec.js
C:\Users\ayomi\source\repos\HWBTournament\HWDTournament\Frontend\dist\out-tsc\src\app\@pages\dashboard-widget\weather\weather.component.spec.js.map
C:\Users\ayomi\source\repos\HWBTournament\HWDTournament\Frontend\dist\out-tsc\src\app\@pages\dashboard-widget\world-map\world-map.component.spec.js
C:\Users\ayomi\source\repos\HWBTournament\HWDTournament\Frontend\dist\out-tsc\src\app\@pages\dashboard-widget\world-map\world-map.component.spec.js.map
C:\Users\ayomi\source\repos\HWBTournament\HWDTournament\Frontend\dist\out-tsc\src\app\@pages\pages\about\about.component.spec.js
C:\Users\ayomi\source\repos\HWBTournament\HWDTournament\Frontend\dist\out-tsc\src\app\@pages\pages\about\about.component.spec.js.map
C:\Users\ayomi\source\repos\HWBTournament\HWDTournament\Frontend\dist\out-tsc\src\app\@pages\pages\about\about.component.js
C:\Users\ayomi\source\repos\HWBTournament\HWDTournament\Frontend\dist\out-tsc\src\app\@pages\pages\about\about.component.js.map
C:\Users\ayomi\source\repos\HWBTournament\HWDTournament\Frontend\dist\out-tsc\src\app\@pages\pages\contact\contact.component.spec.js
C:\Users\ayomi\source\repos\HWBTournament\HWDTournament\Frontend\dist\out-tsc\src\app\@pages\pages\contact\contact.component.spec.js.map
C:\Users\ayomi\source\repos\HWBTournament\HWDTournament\Frontend\dist\out-tsc\src\app\@pages\pages\contact\contact.component.js
C:\Users\ayomi\source\repos\HWBTournament\HWDTournament\Frontend\dist\out-tsc\src\app\@pages\pages\contact\contact.component.js.map
C:\Users\ayomi\source\repos\HWBTournament\HWDTournament\Frontend\dist\out-tsc\src\app\@pages\pages\forgot-password\forgot-password.component.js
C:\Users\ayomi\source\repos\HWBTournament\HWDTournament\Frontend\dist\out-tsc\src\app\@pages\pages\forgot-password\forgot-password.component.js.map
C:\Users\ayomi\source\repos\HWBTournament\HWDTournament\Frontend\dist\out-tsc\src\app\@pages\pages\forgot-password\forgot-password.component.spec.js
C:\Users\ayomi\source\repos\HWBTournament\HWDTournament\Frontend\dist\out-tsc\src\app\@pages\pages\forgot-password\forgot-password.component.spec.js.map
C:\Users\ayomi\source\repos\HWBTournament\HWDTournament\Frontend\dist\out-tsc\src\app\@pages\pages\forgot-password\forgot-password.module.js
C:\Users\ayomi\source\repos\HWBTournament\HWDTournament\Frontend\dist\out-tsc\src\app\@pages\pages\forgot-password\forgot-password.module.js.map
C:\Users\ayomi\source\repos\HWBTournament\HWDTournament\Frontend\dist\out-tsc\src\app\@pages\pages\login\login.component.js
C:\Users\ayomi\source\repos\HWBTournament\HWDTournament\Frontend\dist\out-tsc\src\app\@pages\pages\login\login.component.js.map
C:\Users\ayomi\source\repos\HWBTournament\HWDTournament\Frontend\dist\out-tsc\src\app\@pages\pages\login\login.component.spec.js
C:\Users\ayomi\source\repos\HWBTournament\HWDTournament\Frontend\dist\out-tsc\src\app\@pages\pages\login\login.component.spec.js.map
C:\Users\ayomi\source\repos\HWBTournament\HWDTournament\Frontend\dist\out-tsc\src\app\@pages\pages\login\login.module.js
C:\Users\ayomi\source\repos\HWBTournament\HWDTournament\Frontend\dist\out-tsc\src\app\@pages\pages\login\login.module.js.map
C:\Users\ayomi\source\repos\HWBTournament\HWDTournament\Frontend\dist\out-tsc\src\app\@pages\pages\loginnew\login.component.js
C:\Users\ayomi\source\repos\HWBTournament\HWDTournament\Frontend\dist\out-tsc\src\app\@pages\pages\loginnew\login.component.js.map
C:\Users\ayomi\source\repos\HWBTournament\HWDTournament\Frontend\dist\out-tsc\src\app\@pages\pages\loginnew\login.module.js
C:\Users\ayomi\source\repos\HWBTournament\HWDTournament\Frontend\dist\out-tsc\src\app\@pages\pages\loginnew\login.module.js.map
C:\Users\ayomi\source\repos\HWBTournament\HWDTournament\Frontend\dist\out-tsc\src\app\@pages\pages\register\register.component.js
C:\Users\ayomi\source\repos\HWBTournament\HWDTournament\Frontend\dist\out-tsc\src\app\@pages\pages\register\register.component.js.map
C:\Users\ayomi\source\repos\HWBTournament\HWDTournament\Frontend\dist\out-tsc\src\app\@pages\pages\register\register.component.spec.js
C:\Users\ayomi\source\repos\HWBTournament\HWDTournament\Frontend\dist\out-tsc\src\app\@pages\pages\register\register.component.spec.js.map
C:\Users\ayomi\source\repos\HWBTournament\HWDTournament\Frontend\dist\out-tsc\src\app\@pages\pages\register\register.module.js
C:\Users\ayomi\source\repos\HWBTournament\HWDTournament\Frontend\dist\out-tsc\src\app\@pages\pages\register\register.module.js.map
C:\Users\ayomi\source\repos\HWBTournament\HWDTournament\Frontend\dist\out-tsc\src\app\@pages\pages\registernew\register.component.js
C:\Users\ayomi\source\repos\HWBTournament\HWDTournament\Frontend\dist\out-tsc\src\app\@pages\pages\registernew\register.component.js.map
C:\Users\ayomi\source\repos\HWBTournament\HWDTournament\Frontend\dist\out-tsc\src\app\@pages\pages\registernew\register.module.js
C:\Users\ayomi\source\repos\HWBTournament\HWDTournament\Frontend\dist\out-tsc\src\app\@pages\pages\registernew\register.module.js.map
C:\Users\ayomi\source\repos\HWBTournament\HWDTournament\Frontend\dist\out-tsc\src\app\@pages\pages\reset-password\reset-password.component.js
C:\Users\ayomi\source\repos\HWBTournament\HWDTournament\Frontend\dist\out-tsc\src\app\@pages\pages\reset-password\reset-password.component.js.map
C:\Users\ayomi\source\repos\HWBTournament\HWDTournament\Frontend\dist\out-tsc\src\app\@pages\pages\reset-password\reset-password.component.spec.js
C:\Users\ayomi\source\repos\HWBTournament\HWDTournament\Frontend\dist\out-tsc\src\app\@pages\pages\reset-password\reset-password.component.spec.js.map
C:\Users\ayomi\source\repos\HWBTournament\HWDTournament\Frontend\dist\out-tsc\src\app\@pages\pages\reset-password\reset-password.module.js
C:\Users\ayomi\source\repos\HWBTournament\HWDTournament\Frontend\dist\out-tsc\src\app\@pages\pages\reset-password\reset-password.module.js.map
C:\Users\ayomi\source\repos\HWBTournament\HWDTournament\Frontend\dist\out-tsc\src\app\@pages\pages\services\services.component.spec.js
C:\Users\ayomi\source\repos\HWBTournament\HWDTournament\Frontend\dist\out-tsc\src\app\@pages\pages\services\services.component.spec.js.map
C:\Users\ayomi\source\repos\HWBTournament\HWDTournament\Frontend\dist\out-tsc\src\app\@pages\pages\services\services.component.js
C:\Users\ayomi\source\repos\HWBTournament\HWDTournament\Frontend\dist\out-tsc\src\app\@pages\pages\services\services.component.js.map
C:\Users\ayomi\source\repos\HWBTournament\HWDTournament\Frontend\dist\out-tsc\src\app\@pages\pages\services\services.module.js
C:\Users\ayomi\source\repos\HWBTournament\HWDTournament\Frontend\dist\out-tsc\src\app\@pages\pages\services\services.module.js.map
C:\Users\ayomi\source\repos\HWBTournament\HWDTournament\Frontend\dist\out-tsc\src\app\@pages\pages\users\users.component.spec.js
C:\Users\ayomi\source\repos\HWBTournament\HWDTournament\Frontend\dist\out-tsc\src\app\@pages\pages\users\users.component.spec.js.map
C:\Users\ayomi\source\repos\HWBTournament\HWDTournament\Frontend\dist\out-tsc\src\app\@themes\components\auth\auth.component.spec.js
C:\Users\ayomi\source\repos\HWBTournament\HWDTournament\Frontend\dist\out-tsc\src\app\@themes\components\auth\auth.component.spec.js.map
C:\Users\ayomi\source\repos\HWBTournament\HWDTournament\Frontend\dist\out-tsc\src\app\@themes\components\login\login.component.js
C:\Users\ayomi\source\repos\HWBTournament\HWDTournament\Frontend\dist\out-tsc\src\app\@themes\components\login\login.component.js.map
C:\Users\ayomi\source\repos\HWBTournament\HWDTournament\Frontend\dist\out-tsc\src\app\@themes\components\login\login.component.spec.js
C:\Users\ayomi\source\repos\HWBTournament\HWDTournament\Frontend\dist\out-tsc\src\app\@themes\components\login\login.component.spec.js.map
C:\Users\ayomi\source\repos\HWBTournament\HWDTournament\Frontend\dist\out-tsc\src\app\@themes\components\login\login.module.js
C:\Users\ayomi\source\repos\HWBTournament\HWDTournament\Frontend\dist\out-tsc\src\app\@themes\components\login\login.module.js.map
C:\Users\ayomi\source\repos\HWBTournament\HWDTournament\Frontend\dist\out-tsc\src\app\@themes\components\register\register.component.js
C:\Users\ayomi\source\repos\HWBTournament\HWDTournament\Frontend\dist\out-tsc\src\app\@themes\components\register\register.component.js.map
C:\Users\ayomi\source\repos\HWBTournament\HWDTournament\Frontend\dist\out-tsc\src\app\@themes\components\register\register.component.spec.js
C:\Users\ayomi\source\repos\HWBTournament\HWDTournament\Frontend\dist\out-tsc\src\app\@themes\components\register\register.component.spec.js.map
C:\Users\ayomi\source\repos\HWBTournament\HWDTournament\Frontend\dist\out-tsc\src\app\@themes\components\register\register.module.js
C:\Users\ayomi\source\repos\HWBTournament\HWDTournament\Frontend\dist\out-tsc\src\app\@themes\components\register\register.module.js.map
C:\Users\ayomi\source\repos\HWBTournament\HWDTournament\Frontend\dist\out-tsc\src\app\shared\auth\services\auth.spec.js
C:\Users\ayomi\source\repos\HWBTournament\HWDTournament\Frontend\dist\out-tsc\src\app\shared\auth\services\auth.spec.js.map
C:\Users\ayomi\source\repos\HWBTournament\HWDTournament\Frontend\dist\out-tsc\src\app\@pages\call-recording-search\recordingsearch\home\home.component.spec.js
C:\Users\ayomi\source\repos\HWBTournament\HWDTournament\Frontend\dist\out-tsc\src\app\@pages\call-recording-search\recordingsearch\home\home.component.spec.js.map
C:\Users\ayomi\source\repos\HWBTournament\HWDTournament\Frontend\dist\out-tsc\src\app\@pages\call-recording-search\recordingsearch\recording-dialog\recording-dialog.component.spec.js
C:\Users\ayomi\source\repos\HWBTournament\HWDTournament\Frontend\dist\out-tsc\src\app\@pages\call-recording-search\recordingsearch\recording-dialog\recording-dialog.component.spec.js.map
C:\Users\ayomi\source\repos\HWBTournament\HWDTournament\Frontend\dist\out-tsc\src\app\@pages\call-recording-search\recordingsearch\recordings\recordings.component.spec.js
C:\Users\ayomi\source\repos\HWBTournament\HWDTournament\Frontend\dist\out-tsc\src\app\@pages\call-recording-search\recordingsearch\recordings\recordings.component.spec.js.map
C:\Users\ayomi\source\repos\HWBTournament\HWDTournament\Frontend\dist\out-tsc\src\app\@pages\pages\users\app-user\app-user.component.spec.js
C:\Users\ayomi\source\repos\HWBTournament\HWDTournament\Frontend\dist\out-tsc\src\app\@pages\pages\users\app-user\app-user.component.spec.js.map
C:\Users\ayomi\source\repos\HWBTournament\HWDTournament\Frontend\dist\out-tsc\src\app\@pages\pages\users\delete-dialog\delete-dialog.component.spec.js
C:\Users\ayomi\source\repos\HWBTournament\HWDTournament\Frontend\dist\out-tsc\src\app\@pages\pages\users\delete-dialog\delete-dialog.component.spec.js.map
C:\Users\ayomi\source\repos\HWBTournament\HWDTournament\Frontend\dist\out-tsc\src\app\@themes\components\core\fullscreen\fullscreen.component.spec.js
C:\Users\ayomi\source\repos\HWBTournament\HWDTournament\Frontend\dist\out-tsc\src\app\@themes\components\core\fullscreen\fullscreen.component.spec.js.map
C:\Users\ayomi\source\repos\HWBTournament\HWDTournament\Frontend\dist\out-tsc\src\app\@themes\components\core\search-bar\search-bar.component.spec.js
C:\Users\ayomi\source\repos\HWBTournament\HWDTournament\Frontend\dist\out-tsc\src\app\@themes\components\core\search-bar\search-bar.component.spec.js.map
C:\Users\ayomi\source\repos\HWBTournament\HWDTournament\Frontend\dist\out-tsc\src\app\@themes\components\core\sidebar\sidebar.component.spec.js
C:\Users\ayomi\source\repos\HWBTournament\HWDTournament\Frontend\dist\out-tsc\src\app\@themes\components\core\sidebar\sidebar.component.spec.js.map
C:\Users\ayomi\source\repos\HWBTournament\HWDTournament\Frontend\dist\out-tsc\src\app\@themes\components\core\sidemenu\sidemenu.component.spec.js
C:\Users\ayomi\source\repos\HWBTournament\HWDTournament\Frontend\dist\out-tsc\src\app\@themes\components\core\sidemenu\sidemenu.component.spec.js.map
C:\Users\ayomi\source\repos\HWBTournament\HWDTournament\Frontend\dist\out-tsc\src\app\@themes\components\core\sidemenu-item\sidemenu-item.component.spec.js
C:\Users\ayomi\source\repos\HWBTournament\HWDTournament\Frontend\dist\out-tsc\src\app\@themes\components\core\sidemenu-item\sidemenu-item.component.spec.js.map
C:\Users\ayomi\source\repos\HWBTournament\HWDTournament\Frontend\dist\out-tsc\src\app\@themes\components\core\toolbar\toolbar.component.spec.js
C:\Users\ayomi\source\repos\HWBTournament\HWDTournament\Frontend\dist\out-tsc\src\app\@themes\components\core\toolbar\toolbar.component.spec.js.map
C:\Users\ayomi\source\repos\HWBTournament\HWDTournament\Frontend\dist\out-tsc\src\app\@themes\components\core\toolbar-notification\toolbar-notification.component.spec.js
C:\Users\ayomi\source\repos\HWBTournament\HWDTournament\Frontend\dist\out-tsc\src\app\@themes\components\core\toolbar-notification\toolbar-notification.component.spec.js.map
C:\Users\ayomi\source\repos\HWBTournament\HWDTournament\Frontend\dist\out-tsc\src\app\@themes\components\core\user-menu\user-menu.component.spec.js
C:\Users\ayomi\source\repos\HWBTournament\HWDTournament\Frontend\dist\out-tsc\src\app\@themes\components\core\user-menu\user-menu.component.spec.js.map
C:\Users\ayomi\source\repos\HWBTournament\HWDTournament\Frontend\dist\out-tsc\src\app\shared\auth\services\token\token-parceler.spec.js
C:\Users\ayomi\source\repos\HWBTournament\HWDTournament\Frontend\dist\out-tsc\src\app\shared\auth\services\token\token-parceler.spec.js.map
C:\Users\ayomi\source\repos\HWBTournament\HWDTournament\Frontend\dist\out-tsc\src\app\shared\auth\services\token\token-service.spec.js
C:\Users\ayomi\source\repos\HWBTournament\HWDTournament\Frontend\dist\out-tsc\src\app\shared\auth\services\token\token-service.spec.js.map
C:\Users\ayomi\source\repos\HWBTournament\HWDTournament\Frontend\dist\out-tsc\src\app\shared\auth\services\token\token-storage.spec.js
C:\Users\ayomi\source\repos\HWBTournament\HWDTournament\Frontend\dist\out-tsc\src\app\shared\auth\services\token\token-storage.spec.js.map
C:\Users\ayomi\source\repos\HWBTournament\HWDTournament\Frontend\dist\out-tsc\src\app\shared\auth\services\token\token.spec.js
C:\Users\ayomi\source\repos\HWBTournament\HWDTournament\Frontend\dist\out-tsc\src\app\shared\auth\services\token\token.spec.js.map
C:\Users\ayomi\source\repos\HWBTournament\HWDTournament\Frontend\dist\out-tsc\src\app\shared\auth\strategies\oauth2\oauth2-strategy.spec.js
C:\Users\ayomi\source\repos\HWBTournament\HWDTournament\Frontend\dist\out-tsc\src\app\shared\auth\strategies\oauth2\oauth2-strategy.spec.js.map
C:\Users\ayomi\source\repos\HWBTournament\HWDTournament\Frontend\dist\out-tsc\src\app\shared\auth\strategies\password\password-strategy.spec.js
C:\Users\ayomi\source\repos\HWBTournament\HWDTournament\Frontend\dist\out-tsc\src\app\shared\auth\strategies\password\password-strategy.spec.js.map
